/*C11*/SET SCHEMA PUBLIC
INSERT INTO ALUNO VALUES('5e1c6a44-7bdc-4076-ade4-ec789df54dc6',NULL,0,'DDD',0,'2019-10-27 14:37:13.592000','Leonardo',7.0E0,'www.google.com','9999-9999')
COMMIT
INSERT INTO ALUNO VALUES('40ed470d-3e08-47a2-8082-8678386f0ce9',NULL,0,'R. Malandramente',0,'2019-10-27 14:39:20.825000','Edgar',NULL,'www.999999.potocom.potocom','9999-9999')
COMMIT
INSERT INTO ALUNO VALUES('aa2c5211-7f1e-46aa-b329-875248d84202',NULL,0,'R. Malandramente',0,'2019-10-27 14:39:22.591000','Edgar',6.0E0,'www.999999.potocom.potocom','9999-9999')
COMMIT
DELETE FROM ALUNO WHERE ID='40ed470d-3e08-47a2-8082-8678386f0ce9'
INSERT INTO ALUNO VALUES('40ed470d-3e08-47a2-8082-8678386f0ce9',NULL,1,'R. Malandramente',0,'2019-10-27 14:40:30.926000','Edgar',NULL,'www.999999.potocom.potocom','9999-9999')
COMMIT
/*C7*/SET SCHEMA PUBLIC
DELETE FROM ALUNO WHERE ID='75dcfb02-0fdb-47fe-b088-555dea7fae9f'
INSERT INTO ALUNO VALUES('75dcfb02-0fdb-47fe-b088-555dea7fae9f',NULL,1,'R. Dona maria',0,'2019-10-27 14:40:30.926000','Leonardo',3.0E0,'www.brq.com.br','9999-9999')
COMMIT
/*C9*/SET SCHEMA PUBLIC
DELETE FROM ALUNO WHERE ID='aa2c5211-7f1e-46aa-b329-875248d84202'
INSERT INTO ALUNO VALUES('aa2c5211-7f1e-46aa-b329-875248d84202',NULL,1,'R. Malandramente',0,'2019-10-27 14:40:30.927000','Edgar',6.0E0,'www.999999.potocom.potocom','9999-9999')
COMMIT
/*C10*/SET SCHEMA PUBLIC
DELETE FROM ALUNO WHERE ID='5e1c6a44-7bdc-4076-ade4-ec789df54dc6'
INSERT INTO ALUNO VALUES('5e1c6a44-7bdc-4076-ade4-ec789df54dc6',NULL,1,'DDD',0,'2019-10-27 14:40:30.921000','Leonardo',7.0E0,'www.google.com','9999-9999')
COMMIT
/*C8*/SET SCHEMA PUBLIC
DELETE FROM ALUNO WHERE ID='40ed470d-3e08-47a2-8082-8678386f0ce9'
INSERT INTO ALUNO VALUES('40ed470d-3e08-47a2-8082-8678386f0ce9',NULL,1,'R. Malandramente',0,'2019-10-27 14:40:30.925000','Edgar',NULL,'www.999999.potocom.potocom','9999-9999')
COMMIT
/*C7*/INSERT INTO ALUNO VALUES('d5e1a4e9-17bb-4a3d-8cab-da72c8b6b200',NULL,0,'Kapo',0,'2019-10-27 14:43:22.283000','Leonardo',3.0E0,'www.google.com','9999-9999')
COMMIT
INSERT INTO ALUNO VALUES('6c38ca97-8bc6-4f6e-bd24-77eadd180ab7',NULL,0,'123456',0,'2019-10-27 14:45:09.866000','Sacole de maracuj\u00e1',3.0E0,'456','123')
COMMIT
INSERT INTO ALUNO VALUES('d8900df7-4c9f-4fcc-bd48-1967733b4adf',NULL,0,'Mariana saborio',0,'2019-10-27 15:05:02.294000','Sangsuga',5.0E0,'www.google.com','9999-9999')
COMMIT
/*C8*/DELETE FROM ALUNO WHERE ID='6c38ca97-8bc6-4f6e-bd24-77eadd180ab7'
INSERT INTO ALUNO VALUES('6c38ca97-8bc6-4f6e-bd24-77eadd180ab7',NULL,1,'123456',0,'2019-10-27 15:36:36.046000','Sacole de maracuj\u00e1',3.0E0,'456','123')
COMMIT
DELETE FROM ALUNO WHERE ID='d5e1a4e9-17bb-4a3d-8cab-da72c8b6b200'
INSERT INTO ALUNO VALUES('d5e1a4e9-17bb-4a3d-8cab-da72c8b6b200',NULL,1,'Kapo',0,'2019-10-27 15:36:37.376000','Leonardo',3.0E0,'www.google.com','9999-9999')
COMMIT
DELETE FROM ALUNO WHERE ID='d8900df7-4c9f-4fcc-bd48-1967733b4adf'
INSERT INTO ALUNO VALUES('d8900df7-4c9f-4fcc-bd48-1967733b4adf',NULL,1,'Mariana saborio',0,'2019-10-27 15:36:37.804000','Sangsuga',5.0E0,'www.google.com','9999-9999')
COMMIT
INSERT INTO ALUNO VALUES('fbb37d74-d67f-4cae-8be8-cdede07f3cc1',NULL,0,'R. Pamplona',0,'2019-10-27 15:38:11.765000','Leonardo',3.0E0,'www.almd.com.br','95909-5757')
COMMIT
DELETE FROM ALUNO WHERE ID='fbb37d74-d67f-4cae-8be8-cdede07f3cc1'
INSERT INTO ALUNO VALUES('fbb37d74-d67f-4cae-8be8-cdede07f3cc1',NULL,1,'R. Pamplona',0,'2019-10-27 16:06:19.167000','Leonardo',3.0E0,'www.almd.com.br','95909-5757')
COMMIT
INSERT INTO ALUNO VALUES('7a90d3bd-7b72-49a8-a2c3-5f9f96b38980',NULL,0,'R. Pamplona',0,'2019-10-27 16:12:07.809000','Leonardo Almeida',7.0E0,'www.brq.com','95909-5757')
COMMIT
DELETE FROM ALUNO WHERE ID='7a90d3bd-7b72-49a8-a2c3-5f9f96b38980'
INSERT INTO ALUNO VALUES('7a90d3bd-7b72-49a8-a2c3-5f9f96b38980',NULL,1,'R. Pamplona',0,'2019-10-27 16:14:56.324000','Leonardo Almeida',7.0E0,'www.brq.com','95909-5757')
COMMIT
INSERT INTO ALUNO VALUES('b347b071-8554-4597-8eca-fabb4d902c9a',NULL,0,'R. Pamplona',0,'2019-10-27 16:18:09.731000','Leonardo Almeida',5.0E0,'wwww.google.com','9999-9999')
COMMIT
DELETE FROM ALUNO WHERE ID='b347b071-8554-4597-8eca-fabb4d902c9a'
INSERT INTO ALUNO VALUES('b347b071-8554-4597-8eca-fabb4d902c9a',NULL,0,'R. Pamplona',0,'2019-10-27 16:43:13.380000','Leonardo Almeida - BRQ',5.0E0,'wwww.google.com','9999-9999')
COMMIT
DELETE FROM ALUNO WHERE ID='b347b071-8554-4597-8eca-fabb4d902c9a'
INSERT INTO ALUNO VALUES('b347b071-8554-4597-8eca-fabb4d902c9a',NULL,0,'R. Pamplona',0,'2019-10-27 16:43:50.564000','Leonardo Almeida - BRQ',5.0E0,'wwww.google.com','9999-9999')
COMMIT
DELETE FROM ALUNO WHERE ID='b347b071-8554-4597-8eca-fabb4d902c9a'
INSERT INTO ALUNO VALUES('b347b071-8554-4597-8eca-fabb4d902c9a',NULL,0,'R. Pamplona',0,'2019-10-27 16:43:53.301000','Leonardo Almeida - BRQ',7.0E0,'wwww.google.com','9999-9999')
COMMIT
INSERT INTO ALUNO VALUES('349768ec-cd48-4d6d-b4e8-c2af1d988632',NULL,0,'Av. Paulista',0,'2019-10-27 16:45:02.708000','Henrique',7.0E0,'www.alura.com','9999-9999')
COMMIT
DELETE FROM ALUNO WHERE ID='349768ec-cd48-4d6d-b4e8-c2af1d988632'
INSERT INTO ALUNO VALUES('349768ec-cd48-4d6d-b4e8-c2af1d988632',NULL,0,'Av. Paulista',0,'2019-10-27 16:45:07.529000','Henrique Silva',7.0E0,'www.alura.com','9999-9999')
COMMIT
